<?xml version="1.0" encoding="UTF-8"?>
<!-- Generated by org.testng.reporters.JUnitReportReporter -->
<testsuite hostname="KGML002" name="com.kagami.studio.StudioGeneration" tests="4" failures="0" timestamp="19 Dec 2016 19:37:36 GMT" time="144.257" errors="0">
  <testcase name="studioSignIn" time="4.487" classname="com.kagami.studio.StudioGeneration"/>
  <testcase name="entityCreation" time="25.298" classname="com.kagami.studio.StudioGeneration"/>
  <testcase name="processCreation" time="106.375" classname="com.kagami.studio.StudioGeneration"/>
  <testcase name="projectCreation" time="8.097" classname="com.kagami.studio.StudioGeneration"/>
</testsuite> <!-- com.kagami.studio.StudioGeneration -->
