<?xml version="1.0" encoding="UTF-8"?>
<!-- Generated by org.testng.reporters.JUnitReportReporter -->
<testsuite hostname="KGML002" name="com.kagami.testcases.TC_11_viewTemplate" tests="4" failures="0" timestamp="31 Jan 2017 08:15:57 GMT" time="1053.205" errors="0">
  <testcase name="entityCreation" time="65.988" classname="com.kagami.testcases.TC_11_viewTemplate"/>
  <testcase name="studioSignIn" time="7.700" classname="com.kagami.testcases.TC_11_viewTemplate"/>
  <testcase name="projectCreation" time="7.116" classname="com.kagami.testcases.TC_11_viewTemplate"/>
  <testcase name="processCreation" time="972.401" classname="com.kagami.testcases.TC_11_viewTemplate"/>
</testsuite> <!-- com.kagami.testcases.TC_11_viewTemplate -->
