<?xml version="1.0" encoding="UTF-8"?>
<!-- Generated by org.testng.reporters.JUnitReportReporter -->
<testsuite hostname="KGML002" name="com.kagami.studio.StudioGeneration" tests="3" failures="0" timestamp="18 Nov 2016 09:40:40 GMT" time="255.006" errors="0">
  <testcase name="projectCreation" time="106.652" classname="com.kagami.studio.StudioGeneration"/>
  <testcase name="studioSignIn" time="2.358" classname="com.kagami.studio.StudioGeneration"/>
  <testcase name="newOrgCreation" time="145.996" classname="com.kagami.studio.StudioGeneration"/>
</testsuite> <!-- com.kagami.studio.StudioGeneration -->
