<?xml version="1.0" encoding="UTF-8"?>
<!-- Generated by org.testng.reporters.JUnitReportReporter -->
<testsuite hostname="KGML002" name="com.kagami.studio.StudioGeneration" tests="2" failures="0" timestamp="15 Nov 2016 09:47:11 GMT" time="5.085" errors="0">
  <testcase name="projectCreation" time="3.329" classname="com.kagami.studio.StudioGeneration"/>
  <testcase name="studioSignIn" time="1.756" classname="com.kagami.studio.StudioGeneration"/>
</testsuite> <!-- com.kagami.studio.StudioGeneration -->
