<?xml version="1.0" encoding="UTF-8"?>
<!-- Generated by org.testng.reporters.JUnitReportReporter -->
<testsuite hostname="KGML002" name="com.kagami.regression.MultipleComponentCreation" tests="3" failures="0" timestamp="23 Jan 2017 13:38:24 GMT" time="2799.332" errors="0">
  <testcase name="multipleProjectCreation" time="2789.722" classname="com.kagami.regression.MultipleComponentCreation"/>
  <testcase name="studioSignOut" time="1.907" classname="com.kagami.regression.MultipleComponentCreation"/>
  <testcase name="studioSignIn" time="7.703" classname="com.kagami.regression.MultipleComponentCreation"/>
</testsuite> <!-- com.kagami.regression.MultipleComponentCreation -->
