<?xml version="1.0" encoding="UTF-8"?>
<!-- Generated by org.testng.reporters.JUnitReportReporter -->
<testsuite hostname="KGML002" name="com.kagami.testcases.TC_05_Create_Transform_View" tests="7" failures="0" timestamp="13 Jan 2017 06:18:29 GMT" time="127.361" errors="0">
  <testcase name="entityCreation" time="62.191" classname="com.kagami.testcases.TC_05_Create_Transform_View"/>
  <testcase name="buildDeployment" time="0.583" classname="com.kagami.testcases.TC_05_Create_Transform_View"/>
  <testcase name="studioSignOut" time="4.519" classname="com.kagami.testcases.TC_05_Create_Transform_View"/>
  <testcase name="studioSignIn" time="4.472" classname="com.kagami.testcases.TC_05_Create_Transform_View"/>
  <testcase name="processCreation" time="46.954" classname="com.kagami.testcases.TC_05_Create_Transform_View"/>
  <testcase name="dashboardCreation" time="0.484" classname="com.kagami.testcases.TC_05_Create_Transform_View"/>
  <testcase name="projectCreation" time="8.158" classname="com.kagami.testcases.TC_05_Create_Transform_View"/>
</testsuite> <!-- com.kagami.testcases.TC_05_Create_Transform_View -->
