<?xml version="1.0" encoding="UTF-8"?>
<!-- Generated by org.testng.reporters.JUnitReportReporter -->
<testsuite hostname="KGML002" name="com.kagami.studio.StudioGeneration" tests="4" failures="0" timestamp="21 Dec 2016 08:35:59 GMT" time="27.143" errors="0">
  <testcase name="processCreation" time="2.131" classname="com.kagami.studio.StudioGeneration"/>
  <testcase name="studioSignIn" time="4.601" classname="com.kagami.studio.StudioGeneration"/>
  <testcase name="projectCreation" time="8.085" classname="com.kagami.studio.StudioGeneration"/>
  <testcase name="entityCreation" time="12.326" classname="com.kagami.studio.StudioGeneration"/>
</testsuite> <!-- com.kagami.studio.StudioGeneration -->
