<?xml version="1.0" encoding="UTF-8"?>
<!-- Generated by org.testng.reporters.JUnitReportReporter -->
<testsuite hostname="KGML002" name="com.kagami.smoketestsuite.SmokeTestSuite" tests="9" failures="0" timestamp="4 Jan 2017 11:37:59 GMT" time="217.521" errors="0">
  <testcase name="entityCreation" time="28.054" classname="com.kagami.smoketestsuite.SmokeTestSuite"/>
  <testcase name="projectCreation" time="8.208" classname="com.kagami.smoketestsuite.SmokeTestSuite"/>
  <testcase name="newOrgCreation" time="29.904" classname="com.kagami.smoketestsuite.SmokeTestSuite"/>
  <testcase name="buildDeployment" time="0.444" classname="com.kagami.smoketestsuite.SmokeTestSuite"/>
  <testcase name="studioSignIn" time="5.462" classname="com.kagami.smoketestsuite.SmokeTestSuite"/>
  <testcase name="studioSignOut" time="4.542" classname="com.kagami.smoketestsuite.SmokeTestSuite"/>
  <testcase name="processCreation" time="103.981" classname="com.kagami.smoketestsuite.SmokeTestSuite"/>
  <testcase name="dashboardCreation" time="20.337" classname="com.kagami.smoketestsuite.SmokeTestSuite"/>
  <testcase name="relation" time="16.589" classname="com.kagami.smoketestsuite.SmokeTestSuite"/>
</testsuite> <!-- com.kagami.smoketestsuite.SmokeTestSuite -->
