<?xml version="1.0" encoding="UTF-8"?>
<!-- Generated by org.testng.reporters.JUnitReportReporter -->
<testsuite hostname="KGML002" name="com.kagami.studio.StudioGeneration" tests="8" failures="0" timestamp="30 Dec 2016 07:26:30 GMT" time="188.801" errors="0">
  <testcase name="dashboardCreation" time="28.453" classname="com.kagami.studio.StudioGeneration"/>
  <testcase name="projectCreation" time="7.481" classname="com.kagami.studio.StudioGeneration"/>
  <testcase name="processCreation" time="72.055" classname="com.kagami.studio.StudioGeneration"/>
  <testcase name="entityCreation" time="28.181" classname="com.kagami.studio.StudioGeneration"/>
  <testcase name="relation" time="17.040" classname="com.kagami.studio.StudioGeneration"/>
  <testcase name="newOrgCreation" time="29.838" classname="com.kagami.studio.StudioGeneration"/>
  <testcase name="studioSignIn" time="5.210" classname="com.kagami.studio.StudioGeneration"/>
  <testcase name="buildDeployment" time="0.543" classname="com.kagami.studio.StudioGeneration"/>
</testsuite> <!-- com.kagami.studio.StudioGeneration -->
