<?xml version="1.0" encoding="UTF-8"?>
<!-- Generated by org.testng.reporters.JUnitReportReporter -->
<testsuite hostname="KGML002" name="com.kagami.testcases.TC_06_Create_Switch_View" tests="8" failures="0" timestamp="12 Jan 2017 11:39:59 GMT" time="62.217" errors="0">
  <testcase name="buildDeployment" time="0.435" classname="com.kagami.testcases.TC_06_Create_Switch_View"/>
  <testcase name="studioSignOut" time="4.462" classname="com.kagami.testcases.TC_06_Create_Switch_View"/>
  <testcase name="studioSignIn" time="4.637" classname="com.kagami.testcases.TC_06_Create_Switch_View"/>
  <testcase name="projectCreation" time="8.245" classname="com.kagami.testcases.TC_06_Create_Switch_View"/>
  <testcase name="newOrgCreation" time="29.910" classname="com.kagami.testcases.TC_06_Create_Switch_View"/>
  <testcase name="entityCreation" time="11.813" classname="com.kagami.testcases.TC_06_Create_Switch_View"/>
  <testcase name="processCreation" time="2.203" classname="com.kagami.testcases.TC_06_Create_Switch_View"/>
  <testcase name="dashboardCreation" time="0.512" classname="com.kagami.testcases.TC_06_Create_Switch_View"/>
</testsuite> <!-- com.kagami.testcases.TC_06_Create_Switch_View -->
