<?xml version="1.0" encoding="UTF-8"?>
<!-- Generated by org.testng.reporters.JUnitReportReporter -->
<testsuite hostname="KGML002" name="com.kagami.studio.StudioGeneration" tests="3" failures="0" timestamp="22 Nov 2016 12:04:49 GMT" time="764.067" errors="0">
  <testcase name="bulkProjectCreation" time="761.478" classname="com.kagami.studio.StudioGeneration"/>
  <testcase name="studioSignOut" time="0.758" classname="com.kagami.studio.StudioGeneration"/>
  <testcase name="studioSignIn" time="1.831" classname="com.kagami.studio.StudioGeneration"/>
</testsuite> <!-- com.kagami.studio.StudioGeneration -->
