<?xml version="1.0" encoding="UTF-8"?>
<!-- Generated by org.testng.reporters.JUnitReportReporter -->
<testsuite hostname="KGML002" name="com.kagami.studio.Temp" tests="1" failures="0" timestamp="21 Sep 2016 14:12:32 GMT" time="3.936" errors="0">
  <testcase name="test" time="3.936" classname="com.kagami.studio.Temp"/>
</testsuite> <!-- com.kagami.studio.Temp -->
