<?xml version="1.0" encoding="UTF-8"?>
<!-- Generated by org.testng.reporters.JUnitReportReporter -->
<testsuite hostname="KGML002" name="com.kagami.testcases.TC_02_Create" tests="9" failures="0" timestamp="9 Jan 2017 09:05:26 GMT" time="303.141" errors="0">
  <testcase name="relation" time="16.585" classname="com.kagami.testcases.TC_02_Create"/>
  <testcase name="studioSignIn" time="4.457" classname="com.kagami.testcases.TC_02_Create"/>
  <testcase name="entityCreation" time="27.903" classname="com.kagami.testcases.TC_02_Create"/>
  <testcase name="dashboardCreation" time="27.765" classname="com.kagami.testcases.TC_02_Create"/>
  <testcase name="newOrgCreation" time="29.853" classname="com.kagami.testcases.TC_02_Create"/>
  <testcase name="buildDeployment" time="101.812" classname="com.kagami.testcases.TC_02_Create"/>
  <testcase name="processCreation" time="82.062" classname="com.kagami.testcases.TC_02_Create"/>
  <testcase name="studioSignOut" time="4.663" classname="com.kagami.testcases.TC_02_Create"/>
  <testcase name="projectCreation" time="8.041" classname="com.kagami.testcases.TC_02_Create"/>
</testsuite> <!-- com.kagami.testcases.TC_02_Create -->
