<?xml version="1.0" encoding="UTF-8"?>
<!-- Generated by org.testng.reporters.JUnitReportReporter -->
<testsuite hostname="KGML002" name="com.kagami.concept.MultipleComponentCreation" tests="4" failures="0" timestamp="23 Jan 2017 06:38:57 GMT" time="112.305" errors="0">
  <testcase name="processAndConstruct" time="0.126" classname="com.kagami.concept.MultipleComponentCreation"/>
  <testcase name="studioSignOut" time="6.425" classname="com.kagami.concept.MultipleComponentCreation"/>
  <testcase name="multipleProjectCreation" time="98.166" classname="com.kagami.concept.MultipleComponentCreation"/>
  <testcase name="studioSignIn" time="7.588" classname="com.kagami.concept.MultipleComponentCreation"/>
</testsuite> <!-- com.kagami.concept.MultipleComponentCreation -->
