<?xml version="1.0" encoding="UTF-8"?>
<!-- Generated by org.testng.reporters.JUnitReportReporter -->
<testsuite hostname="KGML002" name="com.kagami.smoketestsuite.SmokeTestSuite" tests="2" failures="0" timestamp="29 Nov 2016 07:22:02 GMT" time="60.682" errors="0">
  <testcase name="studioSignIn" time="56.322" classname="com.kagami.smoketestsuite.SmokeTestSuite"/>
  <testcase name="studioSignOut" time="4.360" classname="com.kagami.smoketestsuite.SmokeTestSuite"/>
</testsuite> <!-- com.kagami.smoketestsuite.SmokeTestSuite -->
