<?xml version="1.0" encoding="UTF-8"?>
<!-- Generated by org.testng.reporters.JUnitReportReporter -->
<testsuite hostname="KGML002" name="com.kagami.testcases.TC_12_Create_Email" tests="4" failures="0" timestamp="1 Feb 2017 05:29:24 GMT" time="233.699" errors="0">
  <testcase name="processCreation" time="152.205" classname="com.kagami.testcases.TC_12_Create_Email"/>
  <testcase name="projectCreation" time="7.154" classname="com.kagami.testcases.TC_12_Create_Email"/>
  <testcase name="studioSignIn" time="7.626" classname="com.kagami.testcases.TC_12_Create_Email"/>
  <testcase name="entityCreation" time="66.714" classname="com.kagami.testcases.TC_12_Create_Email"/>
</testsuite> <!-- com.kagami.testcases.TC_12_Create_Email -->
