<?xml version="1.0" encoding="UTF-8"?>
<!-- Generated by org.testng.reporters.JUnitReportReporter -->
<testsuite hostname="KGML002" name="com.kagami.testcases.TC_10_EditTemplate" tests="5" failures="0" timestamp="30 Jan 2017 11:47:16 GMT" time="953.665" errors="0">
  <testcase name="dashboardCreation" time="0.848" classname="com.kagami.testcases.TC_10_EditTemplate"/>
  <testcase name="projectCreation" time="7.437" classname="com.kagami.testcases.TC_10_EditTemplate"/>
  <testcase name="processCreation" time="870.625" classname="com.kagami.testcases.TC_10_EditTemplate"/>
  <testcase name="studioSignIn" time="7.766" classname="com.kagami.testcases.TC_10_EditTemplate"/>
  <testcase name="entityCreation" time="66.989" classname="com.kagami.testcases.TC_10_EditTemplate"/>
</testsuite> <!-- com.kagami.testcases.TC_10_EditTemplate -->
