<?xml version="1.0" encoding="UTF-8"?>
<!-- Generated by org.testng.reporters.JUnitReportReporter -->
<testsuite hostname="KGML002" name="com.kagami.studio.EntityGeneration" tests="2" failures="0" timestamp="26 Oct 2016 17:35:57 GMT" time="0.003" errors="2">
  <testcase name="verifyStudioSignIn" time="0.002" classname="com.kagami.studio.EntityGeneration">
    <error type="org.openqa.selenium.WebDriverException" message="Failed to connect to binary FirefoxBinary(C:\Program Files (x86)\Mozilla Firefox\firefox.exe) on port 7055; process output follows: 
,&quot;syncGUID&quot;:&quot;9Ff7rDJKFNgL&quot;,&quot;location&quot;:&quot;app-global&quot;,&quot;version&quot;:&quot;47.0.1&quot;,&quot;type&quot;:&quot;theme&quot;,&quot;internalName&quot;:&quot;classic/1.0&quot;,&quot;updateURL&quot;:null,&quot;updateKey&quot;:null,&quot;optionsURL&quot;:null,&quot;optionsType&quot;:null,&quot;aboutURL&quot;:null,&quot;icons&quot;:{&quot;32&quot;:&quot;icon.png&quot;,&quot;48&quot;:&quot;icon.png&quot;},&quot;iconURL&quot;:null,&quot;icon64URL&quot;:null,&quot;defaultLocale&quot;:{&quot;name&quot;:&quot;Default&quot;,&quot;description&quot;:&quot;The default theme.&quot;,&quot;creator&quot;:&quot;Mozilla&quot;,&quot;homepageURL&quot;:null,&quot;contributors&quot;:[&quot;Mozilla Contributors&quot;]},&quot;visible&quot;:true,&quot;active&quot;:true,&quot;userDisabled&quot;:false,&quot;appDisabled&quot;:false,&quot;descriptor&quot;:&quot;C:\\Program Files (x86)\\Mozilla Firefox\\browser\\extensions\\{972ce4c6-7e08-4474-a285-3208198ce6fd}.xpi&quot;,&quot;installDate&quot;:1466734942000,&quot;updateDate&quot;:1466734942000,&quot;applyBackgroundUpdates&quot;:1,&quot;skinnable&quot;:true,&quot;size&quot;:22012,&quot;sourceURI&quot;:null,&quot;releaseNotesURI&quot;:null,&quot;softDisabled&quot;:false,&quot;foreignInstall&quot;:false,&quot;hasBinaryComponents&quot;:false,&quot;strictCompatibility&quot;:true,&quot;locales&quot;:[],&quot;targetApplications&quot;:[{&quot;id&quot;:&quot;{ec8030f7-c20a-464f-9b0e-13a3a9e97384}&quot;,&quot;minVersion&quot;:&quot;47.0.1&quot;,&quot;maxVersion&quot;:&quot;47.0.1&quot;}],&quot;targetPlatforms&quot;:[],&quot;seen&quot;:true}
1477503312836	addons.xpi	DEBUG	getModTime: Recursive scan of {972ce4c6-7e08-4474-a285-3208198ce6fd}
1477503312837	DeferredSave.extensions.json	DEBUG	Save changes
1477503312837	addons.xpi	DEBUG	Updating database with changes to installed add-ons
1477503312837	addons.xpi-utils	DEBUG	Updating add-on states
1477503312837	addons.xpi-utils	DEBUG	Writing add-ons list
1477503312840	addons.xpi	DEBUG	Registering manifest for C:\Program Files (x86)\Mozilla Firefox\browser\features\e10srollout@mozilla.org.xpi
1477503312841	addons.xpi	DEBUG	Calling bootstrap method startup on e10srollout@mozilla.org version 1.0
1477503312841	addons.xpi	DEBUG	Registering manifest for C:\Program Files (x86)\Mozilla Firefox\browser\features\firefox@getpocket.com.xpi
1477503312842	addons.xpi	DEBUG	Calling bootstrap method startup on firefox@getpocket.com version 1.0.2
1477503312843	addons.xpi	DEBUG	Registering manifest for C:\Program Files (x86)\Mozilla Firefox\browser\features\loop@mozilla.org.xpi
1477503312844	addons.xpi	DEBUG	Calling bootstrap method startup on loop@mozilla.org version 1.3.2
1477503312866	addons.manager	DEBUG	Registering shutdown blocker for XPIProvider
1477503312867	addons.manager	DEBUG	Provider finished startup: XPIProvider
1477503312867	addons.manager	DEBUG	Starting provider: LightweightThemeManager
1477503312867	addons.manager	DEBUG	Registering shutdown blocker for LightweightThemeManager
1477503312867	addons.manager	DEBUG	Provider finished startup: LightweightThemeManager
1477503312867	addons.manager	DEBUG	Starting provider: GMPProvider
1477503312873	addons.manager	DEBUG	Registering shutdown blocker for GMPProvider
1477503312874	addons.manager	DEBUG	Provider finished startup: GMPProvider
1477503312874	addons.manager	DEBUG	Starting provider: PluginProvider
1477503312874	addons.manager	DEBUG	Registering shutdown blocker for PluginProvider
1477503312874	addons.manager	DEBUG	Provider finished startup: PluginProvider
1477503312874	addons.manager	DEBUG	Completed startup sequence
1477503315048	addons.manager	DEBUG	Starting provider: &lt;unnamed-provider&gt;
1477503315048	addons.manager	DEBUG	Registering shutdown blocker for &lt;unnamed-provider&gt;
1477503315049	addons.manager	DEBUG	Provider finished startup: &lt;unnamed-provider&gt;
1477503315049	DeferredSave.extensions.json	DEBUG	Starting write
1477503315465	addons.repository	DEBUG	No addons.json found.
1477503315465	DeferredSave.addons.json	DEBUG	Save changes
1477503315467	DeferredSave.addons.json	DEBUG	Starting timer
1477503315504	addons.manager	DEBUG	Starting provider: PreviousExperimentProvider
1477503315504	addons.manager	DEBUG	Registering shutdown blocker for PreviousExperimentProvider
1477503315505	addons.manager	DEBUG	Provider finished startup: PreviousExperimentProvider
1477503315507	DeferredSave.extensions.json	DEBUG	Write succeeded
1477503315507	addons.xpi-utils	DEBUG	XPI Database saved, setting schema version preference to 17
1477503315524	DeferredSave.addons.json	DEBUG	Starting write
1477503315535	DeferredSave.addons.json	DEBUG	Write succeeded

Build info: version: &#039;2.53.0&#039;, revision: &#039;35ae25b1534ae328c771e0856c93e187490ca824&#039;, time: &#039;2016-03-15 10:43:46&#039;
System info: host: &#039;KGML002&#039;, ip: &#039;192.168.1.3&#039;, os.name: &#039;Windows 7&#039;, os.arch: &#039;amd64&#039;, os.version: &#039;6.1&#039;, java.version: &#039;1.8.0_91&#039;
Driver info: driver.version: FirefoxDriver">
      <![CDATA[org.openqa.selenium.WebDriverException: Failed to connect to binary FirefoxBinary(C:\Program Files (x86)\Mozilla Firefox\firefox.exe) on port 7055; process output follows: 
,"syncGUID":"9Ff7rDJKFNgL","location":"app-global","version":"47.0.1","type":"theme","internalName":"classic/1.0","updateURL":null,"updateKey":null,"optionsURL":null,"optionsType":null,"aboutURL":null,"icons":{"32":"icon.png","48":"icon.png"},"iconURL":null,"icon64URL":null,"defaultLocale":{"name":"Default","description":"The default theme.","creator":"Mozilla","homepageURL":null,"contributors":["Mozilla Contributors"]},"visible":true,"active":true,"userDisabled":false,"appDisabled":false,"descriptor":"C:\\Program Files (x86)\\Mozilla Firefox\\browser\\extensions\\{972ce4c6-7e08-4474-a285-3208198ce6fd}.xpi","installDate":1466734942000,"updateDate":1466734942000,"applyBackgroundUpdates":1,"skinnable":true,"size":22012,"sourceURI":null,"releaseNotesURI":null,"softDisabled":false,"foreignInstall":false,"hasBinaryComponents":false,"strictCompatibility":true,"locales":[],"targetApplications":[{"id":"{ec8030f7-c20a-464f-9b0e-13a3a9e97384}","minVersion":"47.0.1","maxVersion":"47.0.1"}],"targetPlatforms":[],"seen":true}
1477503312836	addons.xpi	DEBUG	getModTime: Recursive scan of {972ce4c6-7e08-4474-a285-3208198ce6fd}
1477503312837	DeferredSave.extensions.json	DEBUG	Save changes
1477503312837	addons.xpi	DEBUG	Updating database with changes to installed add-ons
1477503312837	addons.xpi-utils	DEBUG	Updating add-on states
1477503312837	addons.xpi-utils	DEBUG	Writing add-ons list
1477503312840	addons.xpi	DEBUG	Registering manifest for C:\Program Files (x86)\Mozilla Firefox\browser\features\e10srollout@mozilla.org.xpi
1477503312841	addons.xpi	DEBUG	Calling bootstrap method startup on e10srollout@mozilla.org version 1.0
1477503312841	addons.xpi	DEBUG	Registering manifest for C:\Program Files (x86)\Mozilla Firefox\browser\features\firefox@getpocket.com.xpi
1477503312842	addons.xpi	DEBUG	Calling bootstrap method startup on firefox@getpocket.com version 1.0.2
1477503312843	addons.xpi	DEBUG	Registering manifest for C:\Program Files (x86)\Mozilla Firefox\browser\features\loop@mozilla.org.xpi
1477503312844	addons.xpi	DEBUG	Calling bootstrap method startup on loop@mozilla.org version 1.3.2
1477503312866	addons.manager	DEBUG	Registering shutdown blocker for XPIProvider
1477503312867	addons.manager	DEBUG	Provider finished startup: XPIProvider
1477503312867	addons.manager	DEBUG	Starting provider: LightweightThemeManager
1477503312867	addons.manager	DEBUG	Registering shutdown blocker for LightweightThemeManager
1477503312867	addons.manager	DEBUG	Provider finished startup: LightweightThemeManager
1477503312867	addons.manager	DEBUG	Starting provider: GMPProvider
1477503312873	addons.manager	DEBUG	Registering shutdown blocker for GMPProvider
1477503312874	addons.manager	DEBUG	Provider finished startup: GMPProvider
1477503312874	addons.manager	DEBUG	Starting provider: PluginProvider
1477503312874	addons.manager	DEBUG	Registering shutdown blocker for PluginProvider
1477503312874	addons.manager	DEBUG	Provider finished startup: PluginProvider
1477503312874	addons.manager	DEBUG	Completed startup sequence
1477503315048	addons.manager	DEBUG	Starting provider: <unnamed-provider>
1477503315048	addons.manager	DEBUG	Registering shutdown blocker for <unnamed-provider>
1477503315049	addons.manager	DEBUG	Provider finished startup: <unnamed-provider>
1477503315049	DeferredSave.extensions.json	DEBUG	Starting write
1477503315465	addons.repository	DEBUG	No addons.json found.
1477503315465	DeferredSave.addons.json	DEBUG	Save changes
1477503315467	DeferredSave.addons.json	DEBUG	Starting timer
1477503315504	addons.manager	DEBUG	Starting provider: PreviousExperimentProvider
1477503315504	addons.manager	DEBUG	Registering shutdown blocker for PreviousExperimentProvider
1477503315505	addons.manager	DEBUG	Provider finished startup: PreviousExperimentProvider
1477503315507	DeferredSave.extensions.json	DEBUG	Write succeeded
1477503315507	addons.xpi-utils	DEBUG	XPI Database saved, setting schema version preference to 17
1477503315524	DeferredSave.addons.json	DEBUG	Starting write
1477503315535	DeferredSave.addons.json	DEBUG	Write succeeded

Build info: version: '2.53.0', revision: '35ae25b1534ae328c771e0856c93e187490ca824', time: '2016-03-15 10:43:46'
System info: host: 'KGML002', ip: '192.168.1.3', os.name: 'Windows 7', os.arch: 'amd64', os.version: '6.1', java.version: '1.8.0_91'
Driver info: driver.version: FirefoxDriver
	at org.openqa.selenium.firefox.internal.NewProfileExtensionConnection.start(NewProfileExtensionConnection.java:125)
	at org.openqa.selenium.firefox.FirefoxDriver.startClient(FirefoxDriver.java:271)
	at org.openqa.selenium.remote.RemoteWebDriver.<init>(RemoteWebDriver.java:119)
	at org.openqa.selenium.firefox.FirefoxDriver.<init>(FirefoxDriver.java:216)
	at org.openqa.selenium.firefox.FirefoxDriver.<init>(FirefoxDriver.java:211)
	at org.openqa.selenium.firefox.FirefoxDriver.<init>(FirefoxDriver.java:207)
	at org.openqa.selenium.firefox.FirefoxDriver.<init>(FirefoxDriver.java:120)
	at com.kagami.testconfig.BrowserSelection.browserType(BrowserSelection.java:33)
	at com.kagami.studio.EntityGeneration.browserSelection(EntityGeneration.java:26)
	at sun.reflect.NativeMethodAccessorImpl.invoke0(Native Method)
	at sun.reflect.NativeMethodAccessorImpl.invoke(NativeMethodAccessorImpl.java:62)
	at sun.reflect.DelegatingMethodAccessorImpl.invoke(DelegatingMethodAccessorImpl.java:43)
	at java.lang.reflect.Method.invoke(Method.java:498)
	at org.testng.internal.MethodInvocationHelper.invokeMethod(MethodInvocationHelper.java:85)
	at org.testng.internal.Invoker.invokeConfigurationMethod(Invoker.java:510)
	at org.testng.internal.Invoker.invokeConfigurations(Invoker.java:211)
	at org.testng.internal.Invoker.invokeConfigurations(Invoker.java:138)
	at org.testng.internal.TestMethodWorker.invokeBeforeClassMethods(TestMethodWorker.java:170)
	at org.testng.internal.TestMethodWorker.run(TestMethodWorker.java:104)
	at org.testng.TestRunner.privateRun(TestRunner.java:774)
	at org.testng.TestRunner.run(TestRunner.java:624)
	at org.testng.SuiteRunner.runTest(SuiteRunner.java:359)
	at org.testng.SuiteRunner.runSequentially(SuiteRunner.java:354)
	at org.testng.SuiteRunner.privateRun(SuiteRunner.java:312)
	at org.testng.SuiteRunner.run(SuiteRunner.java:261)
	at org.testng.SuiteRunnerWorker.runSuite(SuiteRunnerWorker.java:52)
	at org.testng.SuiteRunnerWorker.run(SuiteRunnerWorker.java:86)
	at org.testng.TestNG.runSuitesSequentially(TestNG.java:1215)
	at org.testng.TestNG.runSuitesLocally(TestNG.java:1140)
	at org.testng.TestNG.run(TestNG.java:1048)
	at org.testng.remote.AbstractRemoteTestNG.run(AbstractRemoteTestNG.java:132)
	at org.testng.remote.RemoteTestNG.initAndRun(RemoteTestNG.java:236)
	at org.testng.remote.RemoteTestNG.main(RemoteTestNG.java:81)
Caused by: org.openqa.selenium.firefox.NotConnectedException: Unable to connect to host 127.0.0.1 on port 7055 after 45000 ms. Firefox console output:
,"syncGUID":"9Ff7rDJKFNgL","location":"app-global","version":"47.0.1","type":"theme","internalName":"classic/1.0","updateURL":null,"updateKey":null,"optionsURL":null,"optionsType":null,"aboutURL":null,"icons":{"32":"icon.png","48":"icon.png"},"iconURL":null,"icon64URL":null,"defaultLocale":{"name":"Default","description":"The default theme.","creator":"Mozilla","homepageURL":null,"contributors":["Mozilla Contributors"]},"visible":true,"active":true,"userDisabled":false,"appDisabled":false,"descriptor":"C:\\Program Files (x86)\\Mozilla Firefox\\browser\\extensions\\{972ce4c6-7e08-4474-a285-3208198ce6fd}.xpi","installDate":1466734942000,"updateDate":1466734942000,"applyBackgroundUpdates":1,"skinnable":true,"size":22012,"sourceURI":null,"releaseNotesURI":null,"softDisabled":false,"foreignInstall":false,"hasBinaryComponents":false,"strictCompatibility":true,"locales":[],"targetApplications":[{"id":"{ec8030f7-c20a-464f-9b0e-13a3a9e97384}","minVersion":"47.0.1","maxVersion":"47.0.1"}],"targetPlatforms":[],"seen":true}
1477503312836	addons.xpi	DEBUG	getModTime: Recursive scan of {972ce4c6-7e08-4474-a285-3208198ce6fd}
1477503312837	DeferredSave.extensions.json	DEBUG	Save changes
1477503312837	addons.xpi	DEBUG	Updating database with changes to installed add-ons
1477503312837	addons.xpi-utils	DEBUG	Updating add-on states
1477503312837	addons.xpi-utils	DEBUG	Writing add-ons list
1477503312840	addons.xpi	DEBUG	Registering manifest for C:\Program Files (x86)\Mozilla Firefox\browser\features\e10srollout@mozilla.org.xpi
1477503312841	addons.xpi	DEBUG	Calling bootstrap method startup on e10srollout@mozilla.org version 1.0
1477503312841	addons.xpi	DEBUG	Registering manifest for C:\Program Files (x86)\Mozilla Firefox\browser\features\firefox@getpocket.com.xpi
1477503312842	addons.xpi	DEBUG	Calling bootstrap method startup on firefox@getpocket.com version 1.0.2
1477503312843	addons.xpi	DEBUG	Registering manifest for C:\Program Files (x86)\Mozilla Firefox\browser\features\loop@mozilla.org.xpi
1477503312844	addons.xpi	DEBUG	Calling bootstrap method startup on loop@mozilla.org version 1.3.2
1477503312866	addons.manager	DEBUG	Registering shutdown blocker for XPIProvider
1477503312867	addons.manager	DEBUG	Provider finished startup: XPIProvider
1477503312867	addons.manager	DEBUG	Starting provider: LightweightThemeManager
1477503312867	addons.manager	DEBUG	Registering shutdown blocker for LightweightThemeManager
1477503312867	addons.manager	DEBUG	Provider finished startup: LightweightThemeManager
1477503312867	addons.manager	DEBUG	Starting provider: GMPProvider
1477503312873	addons.manager	DEBUG	Registering shutdown blocker for GMPProvider
1477503312874	addons.manager	DEBUG	Provider finished startup: GMPProvider
1477503312874	addons.manager	DEBUG	Starting provider: PluginProvider
1477503312874	addons.manager	DEBUG	Registering shutdown blocker for PluginProvider
1477503312874	addons.manager	DEBUG	Provider finished startup: PluginProvider
1477503312874	addons.manager	DEBUG	Completed startup sequence
1477503315048	addons.manager	DEBUG	Starting provider: <unnamed-provider>
1477503315048	addons.manager	DEBUG	Registering shutdown blocker for <unnamed-provider>
1477503315049	addons.manager	DEBUG	Provider finished startup: <unnamed-provider>
1477503315049	DeferredSave.extensions.json	DEBUG	Starting write
1477503315465	addons.repository	DEBUG	No addons.json found.
1477503315465	DeferredSave.addons.json	DEBUG	Save changes
1477503315467	DeferredSave.addons.json	DEBUG	Starting timer
1477503315504	addons.manager	DEBUG	Starting provider: PreviousExperimentProvider
1477503315504	addons.manager	DEBUG	Registering shutdown blocker for PreviousExperimentProvider
1477503315505	addons.manager	DEBUG	Provider finished startup: PreviousExperimentProvider
1477503315507	DeferredSave.extensions.json	DEBUG	Write succeeded
1477503315507	addons.xpi-utils	DEBUG	XPI Database saved, setting schema version preference to 17
1477503315524	DeferredSave.addons.json	DEBUG	Starting write
1477503315535	DeferredSave.addons.json	DEBUG	Write succeeded

	at org.openqa.selenium.firefox.internal.NewProfileExtensionConnection.start(NewProfileExtensionConnection.java:113)
	... 32 more
]]>
    </error>
  </testcase> <!-- verifyStudioSignIn -->
  <testcase name="orgCreation" time="0.001" classname="com.kagami.studio.EntityGeneration">
    <error type="org.openqa.selenium.WebDriverException" message="Failed to connect to binary FirefoxBinary(C:\Program Files (x86)\Mozilla Firefox\firefox.exe) on port 7055; process output follows: 
,&quot;syncGUID&quot;:&quot;9Ff7rDJKFNgL&quot;,&quot;location&quot;:&quot;app-global&quot;,&quot;version&quot;:&quot;47.0.1&quot;,&quot;type&quot;:&quot;theme&quot;,&quot;internalName&quot;:&quot;classic/1.0&quot;,&quot;updateURL&quot;:null,&quot;updateKey&quot;:null,&quot;optionsURL&quot;:null,&quot;optionsType&quot;:null,&quot;aboutURL&quot;:null,&quot;icons&quot;:{&quot;32&quot;:&quot;icon.png&quot;,&quot;48&quot;:&quot;icon.png&quot;},&quot;iconURL&quot;:null,&quot;icon64URL&quot;:null,&quot;defaultLocale&quot;:{&quot;name&quot;:&quot;Default&quot;,&quot;description&quot;:&quot;The default theme.&quot;,&quot;creator&quot;:&quot;Mozilla&quot;,&quot;homepageURL&quot;:null,&quot;contributors&quot;:[&quot;Mozilla Contributors&quot;]},&quot;visible&quot;:true,&quot;active&quot;:true,&quot;userDisabled&quot;:false,&quot;appDisabled&quot;:false,&quot;descriptor&quot;:&quot;C:\\Program Files (x86)\\Mozilla Firefox\\browser\\extensions\\{972ce4c6-7e08-4474-a285-3208198ce6fd}.xpi&quot;,&quot;installDate&quot;:1466734942000,&quot;updateDate&quot;:1466734942000,&quot;applyBackgroundUpdates&quot;:1,&quot;skinnable&quot;:true,&quot;size&quot;:22012,&quot;sourceURI&quot;:null,&quot;releaseNotesURI&quot;:null,&quot;softDisabled&quot;:false,&quot;foreignInstall&quot;:false,&quot;hasBinaryComponents&quot;:false,&quot;strictCompatibility&quot;:true,&quot;locales&quot;:[],&quot;targetApplications&quot;:[{&quot;id&quot;:&quot;{ec8030f7-c20a-464f-9b0e-13a3a9e97384}&quot;,&quot;minVersion&quot;:&quot;47.0.1&quot;,&quot;maxVersion&quot;:&quot;47.0.1&quot;}],&quot;targetPlatforms&quot;:[],&quot;seen&quot;:true}
1477503312836	addons.xpi	DEBUG	getModTime: Recursive scan of {972ce4c6-7e08-4474-a285-3208198ce6fd}
1477503312837	DeferredSave.extensions.json	DEBUG	Save changes
1477503312837	addons.xpi	DEBUG	Updating database with changes to installed add-ons
1477503312837	addons.xpi-utils	DEBUG	Updating add-on states
1477503312837	addons.xpi-utils	DEBUG	Writing add-ons list
1477503312840	addons.xpi	DEBUG	Registering manifest for C:\Program Files (x86)\Mozilla Firefox\browser\features\e10srollout@mozilla.org.xpi
1477503312841	addons.xpi	DEBUG	Calling bootstrap method startup on e10srollout@mozilla.org version 1.0
1477503312841	addons.xpi	DEBUG	Registering manifest for C:\Program Files (x86)\Mozilla Firefox\browser\features\firefox@getpocket.com.xpi
1477503312842	addons.xpi	DEBUG	Calling bootstrap method startup on firefox@getpocket.com version 1.0.2
1477503312843	addons.xpi	DEBUG	Registering manifest for C:\Program Files (x86)\Mozilla Firefox\browser\features\loop@mozilla.org.xpi
1477503312844	addons.xpi	DEBUG	Calling bootstrap method startup on loop@mozilla.org version 1.3.2
1477503312866	addons.manager	DEBUG	Registering shutdown blocker for XPIProvider
1477503312867	addons.manager	DEBUG	Provider finished startup: XPIProvider
1477503312867	addons.manager	DEBUG	Starting provider: LightweightThemeManager
1477503312867	addons.manager	DEBUG	Registering shutdown blocker for LightweightThemeManager
1477503312867	addons.manager	DEBUG	Provider finished startup: LightweightThemeManager
1477503312867	addons.manager	DEBUG	Starting provider: GMPProvider
1477503312873	addons.manager	DEBUG	Registering shutdown blocker for GMPProvider
1477503312874	addons.manager	DEBUG	Provider finished startup: GMPProvider
1477503312874	addons.manager	DEBUG	Starting provider: PluginProvider
1477503312874	addons.manager	DEBUG	Registering shutdown blocker for PluginProvider
1477503312874	addons.manager	DEBUG	Provider finished startup: PluginProvider
1477503312874	addons.manager	DEBUG	Completed startup sequence
1477503315048	addons.manager	DEBUG	Starting provider: &lt;unnamed-provider&gt;
1477503315048	addons.manager	DEBUG	Registering shutdown blocker for &lt;unnamed-provider&gt;
1477503315049	addons.manager	DEBUG	Provider finished startup: &lt;unnamed-provider&gt;
1477503315049	DeferredSave.extensions.json	DEBUG	Starting write
1477503315465	addons.repository	DEBUG	No addons.json found.
1477503315465	DeferredSave.addons.json	DEBUG	Save changes
1477503315467	DeferredSave.addons.json	DEBUG	Starting timer
1477503315504	addons.manager	DEBUG	Starting provider: PreviousExperimentProvider
1477503315504	addons.manager	DEBUG	Registering shutdown blocker for PreviousExperimentProvider
1477503315505	addons.manager	DEBUG	Provider finished startup: PreviousExperimentProvider
1477503315507	DeferredSave.extensions.json	DEBUG	Write succeeded
1477503315507	addons.xpi-utils	DEBUG	XPI Database saved, setting schema version preference to 17
1477503315524	DeferredSave.addons.json	DEBUG	Starting write
1477503315535	DeferredSave.addons.json	DEBUG	Write succeeded

Build info: version: &#039;2.53.0&#039;, revision: &#039;35ae25b1534ae328c771e0856c93e187490ca824&#039;, time: &#039;2016-03-15 10:43:46&#039;
System info: host: &#039;KGML002&#039;, ip: &#039;192.168.1.3&#039;, os.name: &#039;Windows 7&#039;, os.arch: &#039;amd64&#039;, os.version: &#039;6.1&#039;, java.version: &#039;1.8.0_91&#039;
Driver info: driver.version: FirefoxDriver">
      <![CDATA[org.openqa.selenium.WebDriverException: Failed to connect to binary FirefoxBinary(C:\Program Files (x86)\Mozilla Firefox\firefox.exe) on port 7055; process output follows: 
,"syncGUID":"9Ff7rDJKFNgL","location":"app-global","version":"47.0.1","type":"theme","internalName":"classic/1.0","updateURL":null,"updateKey":null,"optionsURL":null,"optionsType":null,"aboutURL":null,"icons":{"32":"icon.png","48":"icon.png"},"iconURL":null,"icon64URL":null,"defaultLocale":{"name":"Default","description":"The default theme.","creator":"Mozilla","homepageURL":null,"contributors":["Mozilla Contributors"]},"visible":true,"active":true,"userDisabled":false,"appDisabled":false,"descriptor":"C:\\Program Files (x86)\\Mozilla Firefox\\browser\\extensions\\{972ce4c6-7e08-4474-a285-3208198ce6fd}.xpi","installDate":1466734942000,"updateDate":1466734942000,"applyBackgroundUpdates":1,"skinnable":true,"size":22012,"sourceURI":null,"releaseNotesURI":null,"softDisabled":false,"foreignInstall":false,"hasBinaryComponents":false,"strictCompatibility":true,"locales":[],"targetApplications":[{"id":"{ec8030f7-c20a-464f-9b0e-13a3a9e97384}","minVersion":"47.0.1","maxVersion":"47.0.1"}],"targetPlatforms":[],"seen":true}
1477503312836	addons.xpi	DEBUG	getModTime: Recursive scan of {972ce4c6-7e08-4474-a285-3208198ce6fd}
1477503312837	DeferredSave.extensions.json	DEBUG	Save changes
1477503312837	addons.xpi	DEBUG	Updating database with changes to installed add-ons
1477503312837	addons.xpi-utils	DEBUG	Updating add-on states
1477503312837	addons.xpi-utils	DEBUG	Writing add-ons list
1477503312840	addons.xpi	DEBUG	Registering manifest for C:\Program Files (x86)\Mozilla Firefox\browser\features\e10srollout@mozilla.org.xpi
1477503312841	addons.xpi	DEBUG	Calling bootstrap method startup on e10srollout@mozilla.org version 1.0
1477503312841	addons.xpi	DEBUG	Registering manifest for C:\Program Files (x86)\Mozilla Firefox\browser\features\firefox@getpocket.com.xpi
1477503312842	addons.xpi	DEBUG	Calling bootstrap method startup on firefox@getpocket.com version 1.0.2
1477503312843	addons.xpi	DEBUG	Registering manifest for C:\Program Files (x86)\Mozilla Firefox\browser\features\loop@mozilla.org.xpi
1477503312844	addons.xpi	DEBUG	Calling bootstrap method startup on loop@mozilla.org version 1.3.2
1477503312866	addons.manager	DEBUG	Registering shutdown blocker for XPIProvider
1477503312867	addons.manager	DEBUG	Provider finished startup: XPIProvider
1477503312867	addons.manager	DEBUG	Starting provider: LightweightThemeManager
1477503312867	addons.manager	DEBUG	Registering shutdown blocker for LightweightThemeManager
1477503312867	addons.manager	DEBUG	Provider finished startup: LightweightThemeManager
1477503312867	addons.manager	DEBUG	Starting provider: GMPProvider
1477503312873	addons.manager	DEBUG	Registering shutdown blocker for GMPProvider
1477503312874	addons.manager	DEBUG	Provider finished startup: GMPProvider
1477503312874	addons.manager	DEBUG	Starting provider: PluginProvider
1477503312874	addons.manager	DEBUG	Registering shutdown blocker for PluginProvider
1477503312874	addons.manager	DEBUG	Provider finished startup: PluginProvider
1477503312874	addons.manager	DEBUG	Completed startup sequence
1477503315048	addons.manager	DEBUG	Starting provider: <unnamed-provider>
1477503315048	addons.manager	DEBUG	Registering shutdown blocker for <unnamed-provider>
1477503315049	addons.manager	DEBUG	Provider finished startup: <unnamed-provider>
1477503315049	DeferredSave.extensions.json	DEBUG	Starting write
1477503315465	addons.repository	DEBUG	No addons.json found.
1477503315465	DeferredSave.addons.json	DEBUG	Save changes
1477503315467	DeferredSave.addons.json	DEBUG	Starting timer
1477503315504	addons.manager	DEBUG	Starting provider: PreviousExperimentProvider
1477503315504	addons.manager	DEBUG	Registering shutdown blocker for PreviousExperimentProvider
1477503315505	addons.manager	DEBUG	Provider finished startup: PreviousExperimentProvider
1477503315507	DeferredSave.extensions.json	DEBUG	Write succeeded
1477503315507	addons.xpi-utils	DEBUG	XPI Database saved, setting schema version preference to 17
1477503315524	DeferredSave.addons.json	DEBUG	Starting write
1477503315535	DeferredSave.addons.json	DEBUG	Write succeeded

Build info: version: '2.53.0', revision: '35ae25b1534ae328c771e0856c93e187490ca824', time: '2016-03-15 10:43:46'
System info: host: 'KGML002', ip: '192.168.1.3', os.name: 'Windows 7', os.arch: 'amd64', os.version: '6.1', java.version: '1.8.0_91'
Driver info: driver.version: FirefoxDriver
	at org.openqa.selenium.firefox.internal.NewProfileExtensionConnection.start(NewProfileExtensionConnection.java:125)
	at org.openqa.selenium.firefox.FirefoxDriver.startClient(FirefoxDriver.java:271)
	at org.openqa.selenium.remote.RemoteWebDriver.<init>(RemoteWebDriver.java:119)
	at org.openqa.selenium.firefox.FirefoxDriver.<init>(FirefoxDriver.java:216)
	at org.openqa.selenium.firefox.FirefoxDriver.<init>(FirefoxDriver.java:211)
	at org.openqa.selenium.firefox.FirefoxDriver.<init>(FirefoxDriver.java:207)
	at org.openqa.selenium.firefox.FirefoxDriver.<init>(FirefoxDriver.java:120)
	at com.kagami.testconfig.BrowserSelection.browserType(BrowserSelection.java:33)
	at com.kagami.studio.EntityGeneration.browserSelection(EntityGeneration.java:26)
	at sun.reflect.NativeMethodAccessorImpl.invoke0(Native Method)
	at sun.reflect.NativeMethodAccessorImpl.invoke(NativeMethodAccessorImpl.java:62)
	at sun.reflect.DelegatingMethodAccessorImpl.invoke(DelegatingMethodAccessorImpl.java:43)
	at java.lang.reflect.Method.invoke(Method.java:498)
	at org.testng.internal.MethodInvocationHelper.invokeMethod(MethodInvocationHelper.java:85)
	at org.testng.internal.Invoker.invokeConfigurationMethod(Invoker.java:510)
	at org.testng.internal.Invoker.invokeConfigurations(Invoker.java:211)
	at org.testng.internal.Invoker.invokeConfigurations(Invoker.java:138)
	at org.testng.internal.TestMethodWorker.invokeBeforeClassMethods(TestMethodWorker.java:170)
	at org.testng.internal.TestMethodWorker.run(TestMethodWorker.java:104)
	at org.testng.TestRunner.privateRun(TestRunner.java:774)
	at org.testng.TestRunner.run(TestRunner.java:624)
	at org.testng.SuiteRunner.runTest(SuiteRunner.java:359)
	at org.testng.SuiteRunner.runSequentially(SuiteRunner.java:354)
	at org.testng.SuiteRunner.privateRun(SuiteRunner.java:312)
	at org.testng.SuiteRunner.run(SuiteRunner.java:261)
	at org.testng.SuiteRunnerWorker.runSuite(SuiteRunnerWorker.java:52)
	at org.testng.SuiteRunnerWorker.run(SuiteRunnerWorker.java:86)
	at org.testng.TestNG.runSuitesSequentially(TestNG.java:1215)
	at org.testng.TestNG.runSuitesLocally(TestNG.java:1140)
	at org.testng.TestNG.run(TestNG.java:1048)
	at org.testng.remote.AbstractRemoteTestNG.run(AbstractRemoteTestNG.java:132)
	at org.testng.remote.RemoteTestNG.initAndRun(RemoteTestNG.java:236)
	at org.testng.remote.RemoteTestNG.main(RemoteTestNG.java:81)
Caused by: org.openqa.selenium.firefox.NotConnectedException: Unable to connect to host 127.0.0.1 on port 7055 after 45000 ms. Firefox console output:
,"syncGUID":"9Ff7rDJKFNgL","location":"app-global","version":"47.0.1","type":"theme","internalName":"classic/1.0","updateURL":null,"updateKey":null,"optionsURL":null,"optionsType":null,"aboutURL":null,"icons":{"32":"icon.png","48":"icon.png"},"iconURL":null,"icon64URL":null,"defaultLocale":{"name":"Default","description":"The default theme.","creator":"Mozilla","homepageURL":null,"contributors":["Mozilla Contributors"]},"visible":true,"active":true,"userDisabled":false,"appDisabled":false,"descriptor":"C:\\Program Files (x86)\\Mozilla Firefox\\browser\\extensions\\{972ce4c6-7e08-4474-a285-3208198ce6fd}.xpi","installDate":1466734942000,"updateDate":1466734942000,"applyBackgroundUpdates":1,"skinnable":true,"size":22012,"sourceURI":null,"releaseNotesURI":null,"softDisabled":false,"foreignInstall":false,"hasBinaryComponents":false,"strictCompatibility":true,"locales":[],"targetApplications":[{"id":"{ec8030f7-c20a-464f-9b0e-13a3a9e97384}","minVersion":"47.0.1","maxVersion":"47.0.1"}],"targetPlatforms":[],"seen":true}
1477503312836	addons.xpi	DEBUG	getModTime: Recursive scan of {972ce4c6-7e08-4474-a285-3208198ce6fd}
1477503312837	DeferredSave.extensions.json	DEBUG	Save changes
1477503312837	addons.xpi	DEBUG	Updating database with changes to installed add-ons
1477503312837	addons.xpi-utils	DEBUG	Updating add-on states
1477503312837	addons.xpi-utils	DEBUG	Writing add-ons list
1477503312840	addons.xpi	DEBUG	Registering manifest for C:\Program Files (x86)\Mozilla Firefox\browser\features\e10srollout@mozilla.org.xpi
1477503312841	addons.xpi	DEBUG	Calling bootstrap method startup on e10srollout@mozilla.org version 1.0
1477503312841	addons.xpi	DEBUG	Registering manifest for C:\Program Files (x86)\Mozilla Firefox\browser\features\firefox@getpocket.com.xpi
1477503312842	addons.xpi	DEBUG	Calling bootstrap method startup on firefox@getpocket.com version 1.0.2
1477503312843	addons.xpi	DEBUG	Registering manifest for C:\Program Files (x86)\Mozilla Firefox\browser\features\loop@mozilla.org.xpi
1477503312844	addons.xpi	DEBUG	Calling bootstrap method startup on loop@mozilla.org version 1.3.2
1477503312866	addons.manager	DEBUG	Registering shutdown blocker for XPIProvider
1477503312867	addons.manager	DEBUG	Provider finished startup: XPIProvider
1477503312867	addons.manager	DEBUG	Starting provider: LightweightThemeManager
1477503312867	addons.manager	DEBUG	Registering shutdown blocker for LightweightThemeManager
1477503312867	addons.manager	DEBUG	Provider finished startup: LightweightThemeManager
1477503312867	addons.manager	DEBUG	Starting provider: GMPProvider
1477503312873	addons.manager	DEBUG	Registering shutdown blocker for GMPProvider
1477503312874	addons.manager	DEBUG	Provider finished startup: GMPProvider
1477503312874	addons.manager	DEBUG	Starting provider: PluginProvider
1477503312874	addons.manager	DEBUG	Registering shutdown blocker for PluginProvider
1477503312874	addons.manager	DEBUG	Provider finished startup: PluginProvider
1477503312874	addons.manager	DEBUG	Completed startup sequence
1477503315048	addons.manager	DEBUG	Starting provider: <unnamed-provider>
1477503315048	addons.manager	DEBUG	Registering shutdown blocker for <unnamed-provider>
1477503315049	addons.manager	DEBUG	Provider finished startup: <unnamed-provider>
1477503315049	DeferredSave.extensions.json	DEBUG	Starting write
1477503315465	addons.repository	DEBUG	No addons.json found.
1477503315465	DeferredSave.addons.json	DEBUG	Save changes
1477503315467	DeferredSave.addons.json	DEBUG	Starting timer
1477503315504	addons.manager	DEBUG	Starting provider: PreviousExperimentProvider
1477503315504	addons.manager	DEBUG	Registering shutdown blocker for PreviousExperimentProvider
1477503315505	addons.manager	DEBUG	Provider finished startup: PreviousExperimentProvider
1477503315507	DeferredSave.extensions.json	DEBUG	Write succeeded
1477503315507	addons.xpi-utils	DEBUG	XPI Database saved, setting schema version preference to 17
1477503315524	DeferredSave.addons.json	DEBUG	Starting write
1477503315535	DeferredSave.addons.json	DEBUG	Write succeeded

	at org.openqa.selenium.firefox.internal.NewProfileExtensionConnection.start(NewProfileExtensionConnection.java:113)
	... 32 more
]]>
    </error>
  </testcase> <!-- orgCreation -->
</testsuite> <!-- com.kagami.studio.EntityGeneration -->
