<?xml version="1.0" encoding="UTF-8"?>
<!-- Generated by org.testng.reporters.JUnitReportReporter -->
<testsuite hostname="KGML002" name="com.kagami.studio.StudioGeneration" tests="2" failures="0" timestamp="16 Nov 2016 13:23:19 GMT" time="163.459" errors="0">
  <testcase name="projectCreation" time="161.643" classname="com.kagami.studio.StudioGeneration"/>
  <testcase name="studioSignIn" time="1.816" classname="com.kagami.studio.StudioGeneration"/>
</testsuite> <!-- com.kagami.studio.StudioGeneration -->
