<?xml version="1.0" encoding="UTF-8"?>
<!-- Generated by org.testng.reporters.JUnitReportReporter -->
<testsuite hostname="KGML002" name="com.kagami.studio.StudioGeneration" tests="2" failures="0" timestamp="15 Nov 2016 13:14:06 GMT" time="140.936" errors="0">
  <testcase name="studioSignIn" time="1.743" classname="com.kagami.studio.StudioGeneration"/>
  <testcase name="projectCreation" time="139.193" classname="com.kagami.studio.StudioGeneration"/>
</testsuite> <!-- com.kagami.studio.StudioGeneration -->
