<?xml version="1.0" encoding="UTF-8"?>
<!-- Generated by org.testng.reporters.JUnitReportReporter -->
<testsuite hostname="KGML002" name="com.kagami.studio.EntityGeneration" tests="2" failures="0" timestamp="28 Sep 2016 11:14:05 GMT" time="69.340" errors="0">
  <testcase name="entityCreation" time="63.796" classname="com.kagami.studio.EntityGeneration"/>
  <testcase name="verifyStudioSignIn" time="5.544" classname="com.kagami.studio.EntityGeneration"/>
</testsuite> <!-- com.kagami.studio.EntityGeneration -->
