<?xml version="1.0" encoding="UTF-8"?>
<!-- Generated by org.testng.reporters.JUnitReportReporter -->
<testsuite hostname="KGML002" name="com.kagami.studio.StudioGeneration" tests="7" failures="0" timestamp="13 Dec 2016 13:16:21 GMT" time="538.543" errors="0">
  <testcase name="processCreation" time="47.155" classname="com.kagami.studio.StudioGeneration"/>
  <testcase name="dashboardCreation" time="28.878" classname="com.kagami.studio.StudioGeneration"/>
  <testcase name="projectCreation" time="8.163" classname="com.kagami.studio.StudioGeneration"/>
  <testcase name="entityCreation" time="16.166" classname="com.kagami.studio.StudioGeneration"/>
  <testcase name="newOrgCreation" time="29.929" classname="com.kagami.studio.StudioGeneration"/>
  <testcase name="buildDeployment" time="403.530" classname="com.kagami.studio.StudioGeneration"/>
  <testcase name="studioSignIn" time="4.722" classname="com.kagami.studio.StudioGeneration"/>
</testsuite> <!-- com.kagami.studio.StudioGeneration -->
