<?xml version="1.0" encoding="UTF-8"?>
<!-- Generated by org.testng.reporters.JUnitReportReporter -->
<testsuite hostname="KGML002" name="com.kagami.smoketestsuite.SmokeTestSuite" tests="4" failures="0" timestamp="19 Dec 2016 10:50:41 GMT" time="62.671" errors="0">
  <testcase name="entityCreation" time="25.387" classname="com.kagami.smoketestsuite.SmokeTestSuite"/>
  <testcase name="processCreation" time="24.682" classname="com.kagami.smoketestsuite.SmokeTestSuite"/>
  <testcase name="studioSignIn" time="4.566" classname="com.kagami.smoketestsuite.SmokeTestSuite"/>
  <testcase name="projectCreation" time="8.036" classname="com.kagami.smoketestsuite.SmokeTestSuite"/>
</testsuite> <!-- com.kagami.smoketestsuite.SmokeTestSuite -->
