<?xml version="1.0" encoding="UTF-8"?>
<!-- Generated by org.testng.reporters.JUnitReportReporter -->
<testsuite hostname="KGML002" name="com.kagami.testcases.TC_07_Create_Fetch_Edit_View" tests="7" failures="0" timestamp="13 Jan 2017 09:56:12 GMT" time="169.835" errors="0">
  <testcase name="buildDeployment" time="0.489" classname="com.kagami.testcases.TC_07_Create_Fetch_Edit_View"/>
  <testcase name="dashboardCreation" time="0.568" classname="com.kagami.testcases.TC_07_Create_Fetch_Edit_View"/>
  <testcase name="studioSignOut" time="4.530" classname="com.kagami.testcases.TC_07_Create_Fetch_Edit_View"/>
  <testcase name="projectCreation" time="8.125" classname="com.kagami.testcases.TC_07_Create_Fetch_Edit_View"/>
  <testcase name="processCreation" time="101.410" classname="com.kagami.testcases.TC_07_Create_Fetch_Edit_View"/>
  <testcase name="studioSignIn" time="4.535" classname="com.kagami.testcases.TC_07_Create_Fetch_Edit_View"/>
  <testcase name="entityCreation" time="50.178" classname="com.kagami.testcases.TC_07_Create_Fetch_Edit_View"/>
</testsuite> <!-- com.kagami.testcases.TC_07_Create_Fetch_Edit_View -->
