<?xml version="1.0" encoding="UTF-8"?>
<!-- Generated by org.testng.reporters.JUnitReportReporter -->
<testsuite hostname="KGML002" name="com.kagami.studio.StudioGeneration" tests="6" failures="0" timestamp="12 Dec 2016 07:47:23 GMT" time="196.892" errors="0">
  <testcase name="studioSignOut" time="1.883" classname="com.kagami.studio.StudioGeneration"/>
  <testcase name="studioSignIn" time="4.472" classname="com.kagami.studio.StudioGeneration"/>
  <testcase name="projectCreation" time="8.206" classname="com.kagami.studio.StudioGeneration"/>
  <testcase name="entityCreation" time="44.382" classname="com.kagami.studio.StudioGeneration"/>
  <testcase name="newOrgCreation" time="56.889" classname="com.kagami.studio.StudioGeneration"/>
  <testcase name="processCreation" time="81.060" classname="com.kagami.studio.StudioGeneration"/>
</testsuite> <!-- com.kagami.studio.StudioGeneration -->
