<?xml version="1.0" encoding="UTF-8"?>
<!-- Generated by org.testng.reporters.JUnitReportReporter -->
<testsuite hostname="KGML002" name="com.kagami.testcases.TC_09_Create_Fetch_View_Edit_Triggers" tests="7" failures="0" timestamp="19 Jan 2017 06:05:48 GMT" time="167.994" errors="0">
  <testcase name="studioSignOut" time="4.604" classname="com.kagami.testcases.TC_09_Create_Fetch_View_Edit_Triggers"/>
  <testcase name="studioSignIn" time="4.588" classname="com.kagami.testcases.TC_09_Create_Fetch_View_Edit_Triggers"/>
  <testcase name="dashboardCreation" time="0.509" classname="com.kagami.testcases.TC_09_Create_Fetch_View_Edit_Triggers"/>
  <testcase name="processCreation" time="121.287" classname="com.kagami.testcases.TC_09_Create_Fetch_View_Edit_Triggers"/>
  <testcase name="entityCreation" time="28.242" classname="com.kagami.testcases.TC_09_Create_Fetch_View_Edit_Triggers"/>
  <testcase name="projectCreation" time="8.308" classname="com.kagami.testcases.TC_09_Create_Fetch_View_Edit_Triggers"/>
  <testcase name="buildDeployment" time="0.456" classname="com.kagami.testcases.TC_09_Create_Fetch_View_Edit_Triggers"/>
</testsuite> <!-- com.kagami.testcases.TC_09_Create_Fetch_View_Edit_Triggers -->
