<?xml version="1.0" encoding="UTF-8"?>
<!-- Generated by org.testng.reporters.JUnitReportReporter -->
<testsuite hostname="KGML002" name="com.kagami.studio.StudioGeneration" tests="2" failures="0" timestamp="15 Nov 2016 06:52:04 GMT" time="124.406" errors="0">
  <testcase name="studioSignIn" time="1.849" classname="com.kagami.studio.StudioGeneration"/>
  <testcase name="projectCreation" time="122.557" classname="com.kagami.studio.StudioGeneration"/>
</testsuite> <!-- com.kagami.studio.StudioGeneration -->
