<?xml version="1.0" encoding="UTF-8"?>
<!-- Generated by org.testng.reporters.JUnitReportReporter -->
<testsuite hostname="KGML002" name="com.guru99.testcases.GuruLoginPage" tests="2" failures="0" timestamp="4 Sep 2016 11:21:15 GMT" time="24.575" errors="0">
  <testcase name="verifyCreateCustomer" time="23.192" classname="com.guru99.testcases.GuruLoginPage"/>
  <testcase name="verifySignInMethod" time="1.383" classname="com.guru99.testcases.GuruLoginPage"/>
</testsuite> <!-- com.guru99.testcases.GuruLoginPage -->
